# JRE version: OpenJDK Runtime Environment (11.0.13) (build 11.0.13+0-b1751.21-8125866)
# Java VM: OpenJDK 64-Bit Server VM (11.0.13+0-b1751.21-8125866, mixed mode, tiered, compressed oops, g1 gc, windows-amd64)
Heap:
 garbage-first heap   total 395264K, used 225245K [0x0000000080000000, 0x0000000100000000)
  region size 1024K, 2 young (2048K), 2 survivors (2048K)
 Metaspace       used 114182K, capacity 117102K, committed 117340K, reserved 1150976K
  class space    used 14354K, capacity 15522K, committed 15616K, reserved 1048576K
GC Heap History (20 events):
Event: 28.081 GC heap after
{Heap after GC invocations=56 (full 0):
 garbage-first heap   total 233472K, used 140409K [0x0000000080000000, 0x0000000100000000)
  region size 1024K, 9 young (9216K), 9 survivors (9216K)
 Metaspace       used 110931K, capacity 113755K, committed 114012K, reserved 1148928K
  class space    used 14105K, capacity 15234K, committed 15360K, reserved 1048576K
}
Event: 28.760 GC heap before
{Heap before GC invocations=57 (full 0):
 garbage-first heap   total 233472K, used 204921K [0x0000000080000000, 0x0000000100000000)
  region size 1024K, 63 young (64512K), 9 survivors (9216K)
 Metaspace       used 112790K, capacity 115623K, committed 115932K, reserved 1150976K
  class space    used 14288K, capacity 15425K, committed 15488K, reserved 1048576K
}
Event: 28.778 GC heap after
{Heap after GC invocations=58 (full 0):
 garbage-first heap   total 233472K, used 157914K [0x0000000080000000, 0x0000000100000000)
  region size 1024K, 8 young (8192K), 8 survivors (8192K)
 Metaspace       used 112790K, capacity 115623K, committed 115932K, reserved 1150976K
  class space    used 14288K, capacity 15425K, committed 15488K, reserved 1048576K
}
Event: 28.790 GC heap before
{Heap before GC invocations=58 (full 0):
 garbage-first heap   total 233472K, used 159962K [0x0000000080000000, 0x0000000100000000)
  region size 1024K, 11 young (11264K), 8 survivors (8192K)
 Metaspace       used 112802K, capacity 115633K, committed 115932K, reserved 1150976K
  class space    used 14288K, capacity 15425K, committed 15488K, reserved 1048576K
}
Event: 28.804 GC heap after
{Heap after GC invocations=59 (full 0):
 garbage-first heap   total 233472K, used 153267K [0x0000000080000000, 0x0000000100000000)
  region size 1024K, 2 young (2048K), 2 survivors (2048K)
 Metaspace       used 112802K, capacity 115633K, committed 115932K, reserved 1150976K
  class space    used 14288K, capacity 15425K, committed 15488K, reserved 1048576K
}
Event: 29.052 GC heap before
{Heap before GC invocations=59 (full 0):
 garbage-first heap   total 233472K, used 193203K [0x0000000080000000, 0x0000000100000000)
  region size 1024K, 41 young (41984K), 2 survivors (2048K)
 Metaspace       used 113424K, capacity 116320K, committed 116572K, reserved 1150976K
  class space    used 14338K, capacity 15508K, committed 15616K, reserved 1048576K
}
Event: 29.079 GC heap after
{Heap after GC invocations=60 (full 0):
 garbage-first heap   total 280576K, used 171978K [0x0000000080000000, 0x0000000100000000)
  region size 1024K, 6 young (6144K), 6 survivors (6144K)
 Metaspace       used 113424K, capacity 116320K, committed 116572K, reserved 1150976K
  class space    used 14338K, capacity 15508K, committed 15616K, reserved 1048576K
}
Event: 29.267 GC heap before
{Heap before GC invocations=60 (full 0):
 garbage-first heap   total 280576K, used 219082K [0x0000000080000000, 0x0000000100000000)
  region size 1024K, 53 young (54272K), 6 survivors (6144K)
 Metaspace       used 113488K, capacity 116386K, committed 116572K, reserved 1150976K
  class space    used 14338K, capacity 15508K, committed 15616K, reserved 1048576K
}
Event: 29.291 GC heap after
{Heap after GC invocations=61 (full 0):
 garbage-first heap   total 280576K, used 196899K [0x0000000080000000, 0x0000000100000000)
  region size 1024K, 7 young (7168K), 7 survivors (7168K)
 Metaspace       used 113488K, capacity 116386K, committed 116572K, reserved 1150976K
  class space    used 14338K, capacity 15508K, committed 15616K, reserved 1048576K
}
Event: 29.558 GC heap before
{Heap before GC invocations=61 (full 0):
 garbage-first heap   total 280576K, used 223523K [0x0000000080000000, 0x0000000100000000)
  region size 1024K, 34 young (34816K), 7 survivors (7168K)
 Metaspace       used 113587K, capacity 116520K, committed 116828K, reserved 1150976K
  class space    used 14340K, capacity 15510K, committed 15616K, reserved 1048576K
}
Event: 29.572 GC heap after
{Heap after GC invocations=62 (full 0):
 garbage-first heap   total 280576K, used 205807K [0x0000000080000000, 0x0000000100000000)
  region size 1024K, 5 young (5120K), 5 survivors (5120K)
 Metaspace       used 113587K, capacity 116520K, committed 116828K, reserved 1150976K
  class space    used 14340K, capacity 15510K, committed 15616K, reserved 1048576K
}
Event: 29.867 GC heap before
{Heap before GC invocations=62 (full 0):
 garbage-first heap   total 280576K, used 228335K [0x0000000080000000, 0x0000000100000000)
  region size 1024K, 28 young (28672K), 5 survivors (5120K)
 Metaspace       used 113725K, capacity 116623K, committed 116828K, reserved 1150976K
  class space    used 14347K, capacity 15522K, committed 15616K, reserved 1048576K
}
Event: 29.873 GC heap after
{Heap after GC invocations=63 (full 0):
 garbage-first heap   total 280576K, used 209869K [0x0000000080000000, 0x0000000100000000)
  region size 1024K, 4 young (4096K), 4 survivors (4096K)
 Metaspace       used 113725K, capacity 116623K, committed 116828K, reserved 1150976K
  class space    used 14347K, capacity 15522K, committed 15616K, reserved 1048576K
}
Event: 30.059 GC heap before
{Heap before GC invocations=63 (full 0):
 garbage-first heap   total 280576K, used 231373K [0x0000000080000000, 0x0000000100000000)
  region size 1024K, 26 young (26624K), 4 survivors (4096K)
 Metaspace       used 113762K, capacity 116687K, committed 116828K, reserved 1150976K
  class space    used 14347K, capacity 15522K, committed 15616K, reserved 1048576K
}
Event: 30.063 GC heap after
{Heap after GC invocations=64 (full 0):
 garbage-first heap   total 280576K, used 212229K [0x0000000080000000, 0x0000000100000000)
  region size 1024K, 3 young (3072K), 3 survivors (3072K)
 Metaspace       used 113762K, capacity 116687K, committed 116828K, reserved 1150976K
  class space    used 14347K, capacity 15522K, committed 15616K, reserved 1048576K
}
Event: 30.416 GC heap before
{Heap before GC invocations=64 (full 0):
 garbage-first heap   total 280576K, used 237829K [0x0000000080000000, 0x0000000100000000)
  region size 1024K, 26 young (26624K), 3 survivors (3072K)
 Metaspace       used 113859K, capacity 116816K, committed 117084K, reserved 1150976K
  class space    used 14348K, capacity 15522K, committed 15616K, reserved 1048576K
}
Event: 30.423 GC heap after
{Heap after GC invocations=65 (full 0):
 garbage-first heap   total 280576K, used 214868K [0x0000000080000000, 0x0000000100000000)
  region size 1024K, 3 young (3072K), 3 survivors (3072K)
 Metaspace       used 113859K, capacity 116816K, committed 117084K, reserved 1150976K
  class space    used 14348K, capacity 15522K, committed 15616K, reserved 1048576K
}
Event: 30.836 GC heap before
{Heap before GC invocations=65 (full 0):
 garbage-first heap   total 280576K, used 242516K [0x0000000080000000, 0x0000000100000000)
  region size 1024K, 26 young (26624K), 3 survivors (3072K)
 Metaspace       used 114128K, capacity 117034K, committed 117340K, reserved 1150976K
  class space    used 14354K, capacity 15522K, committed 15616K, reserved 1048576K
}
Event: 30.847 GC heap after
{Heap after GC invocations=66 (full 0):
 garbage-first heap   total 280576K, used 220177K [0x0000000080000000, 0x0000000100000000)
  region size 1024K, 3 young (3072K), 3 survivors (3072K)
 Metaspace       used 114128K, capacity 117034K, committed 117340K, reserved 1150976K
  class space    used 14354K, capacity 15522K, committed 15616K, reserved 1048576K
}
Event: 31.265 GC heap before
{Heap before GC invocations=66 (full 0):
 garbage-first heap   total 280576K, used 244753K [0x0000000080000000, 0x0000000100000000)
  region size 1024K, 24 young (24576K), 3 survivors (3072K)
 Metaspace       used 114182K, capacity 117102K, committed 117340K, reserved 1150976K
  class space    used 14354K, capacity 15522K, committed 15616K, reserved 1048576K
}

