# JRE version: OpenJDK Runtime Environment (11.0.13) (build 11.0.13+0-b1751.21-8125866)
# Java VM: OpenJDK 64-Bit Server VM (11.0.13+0-b1751.21-8125866, mixed mode, tiered, compressed oops, g1 gc, windows-amd64)
Heap:
 garbage-first heap   total 280576K, used 205884K [0x0000000080000000, 0x0000000100000000)
  region size 1024K, 40 young (40960K), 1 survivors (1024K)
 Metaspace       used 132157K, capacity 134853K, committed 135128K, reserved 1167360K
  class space    used 16007K, capacity 17046K, committed 17112K, reserved 1048576K
GC Heap History (20 events):
Event: 7047.903 GC heap before
{Heap before GC invocations=60 (full 0):
 garbage-first heap   total 233472K, used 216552K [0x0000000080000000, 0x0000000100000000)
  region size 1024K, 15 young (15360K), 1 survivors (1024K)
 Metaspace       used 124316K, capacity 126884K, committed 127320K, reserved 1161216K
  class space    used 15346K, capacity 16329K, committed 16472K, reserved 1048576K
}
Event: 7047.906 GC heap after
{Heap after GC invocations=61 (full 0):
 garbage-first heap   total 233472K, used 186450K [0x0000000080000000, 0x0000000100000000)
  region size 1024K, 1 young (1024K), 1 survivors (1024K)
 Metaspace       used 124316K, capacity 126884K, committed 127320K, reserved 1161216K
  class space    used 15346K, capacity 16329K, committed 16472K, reserved 1048576K
}
Event: 7047.944 GC heap before
{Heap before GC invocations=61 (full 0):
 garbage-first heap   total 233472K, used 196690K [0x0000000080000000, 0x0000000100000000)
  region size 1024K, 11 young (11264K), 1 survivors (1024K)
 Metaspace       used 124393K, capacity 127027K, committed 127320K, reserved 1161216K
  class space    used 15349K, capacity 16332K, committed 16472K, reserved 1048576K
}
Event: 7047.948 GC heap after
{Heap after GC invocations=62 (full 0):
 garbage-first heap   total 233472K, used 187714K [0x0000000080000000, 0x0000000100000000)
  region size 1024K, 2 young (2048K), 2 survivors (2048K)
 Metaspace       used 124393K, capacity 127027K, committed 127320K, reserved 1161216K
  class space    used 15349K, capacity 16332K, committed 16472K, reserved 1048576K
}
Event: 7048.051 GC heap before
{Heap before GC invocations=62 (full 0):
 garbage-first heap   total 233472K, used 200002K [0x0000000080000000, 0x0000000100000000)
  region size 1024K, 15 young (15360K), 2 survivors (2048K)
 Metaspace       used 125052K, capacity 127761K, committed 128088K, reserved 1161216K
  class space    used 15403K, capacity 16397K, committed 16472K, reserved 1048576K
}
Event: 7048.056 GC heap after
{Heap after GC invocations=63 (full 0):
 garbage-first heap   total 233472K, used 190378K [0x0000000080000000, 0x0000000100000000)
  region size 1024K, 2 young (2048K), 2 survivors (2048K)
 Metaspace       used 125052K, capacity 127761K, committed 128088K, reserved 1161216K
  class space    used 15403K, capacity 16397K, committed 16472K, reserved 1048576K
}
Event: 7048.247 GC heap before
{Heap before GC invocations=64 (full 0):
 garbage-first heap   total 233472K, used 191402K [0x0000000080000000, 0x0000000100000000)
  region size 1024K, 14 young (14336K), 2 survivors (2048K)
 Metaspace       used 126249K, capacity 128850K, committed 129240K, reserved 1161216K
  class space    used 15471K, capacity 16461K, committed 16600K, reserved 1048576K
}
Event: 7048.251 GC heap after
{Heap after GC invocations=65 (full 0):
 garbage-first heap   total 233472K, used 182015K [0x0000000080000000, 0x0000000100000000)
  region size 1024K, 2 young (2048K), 2 survivors (2048K)
 Metaspace       used 126249K, capacity 128850K, committed 129240K, reserved 1161216K
  class space    used 15471K, capacity 16461K, committed 16600K, reserved 1048576K
}
Event: 7048.294 GC heap before
{Heap before GC invocations=65 (full 0):
 garbage-first heap   total 233472K, used 190207K [0x0000000080000000, 0x0000000100000000)
  region size 1024K, 11 young (11264K), 2 survivors (2048K)
 Metaspace       used 127091K, capacity 129746K, committed 130008K, reserved 1163264K
  class space    used 15552K, capacity 16525K, committed 16600K, reserved 1048576K
}
Event: 7048.299 GC heap after
{Heap after GC invocations=66 (full 0):
 garbage-first heap   total 233472K, used 168770K [0x0000000080000000, 0x0000000100000000)
  region size 1024K, 2 young (2048K), 2 survivors (2048K)
 Metaspace       used 127091K, capacity 129746K, committed 130008K, reserved 1163264K
  class space    used 15552K, capacity 16525K, committed 16600K, reserved 1048576K
}
Event: 7048.396 GC heap before
{Heap before GC invocations=66 (full 0):
 garbage-first heap   total 233472K, used 188226K [0x0000000080000000, 0x0000000100000000)
  region size 1024K, 21 young (21504K), 2 survivors (2048K)
 Metaspace       used 127627K, capacity 130292K, committed 130648K, reserved 1163264K
  class space    used 15588K, capacity 16557K, committed 16728K, reserved 1048576K
}
Event: 7048.401 GC heap after
{Heap after GC invocations=67 (full 0):
 garbage-first heap   total 280576K, used 170319K [0x0000000080000000, 0x0000000100000000)
  region size 1024K, 3 young (3072K), 3 survivors (3072K)
 Metaspace       used 127627K, capacity 130292K, committed 130648K, reserved 1163264K
  class space    used 15588K, capacity 16557K, committed 16728K, reserved 1048576K
}
Event: 7048.621 GC heap before
{Heap before GC invocations=68 (full 0):
 garbage-first heap   total 280576K, used 209231K [0x0000000080000000, 0x0000000100000000)
  region size 1024K, 41 young (41984K), 3 survivors (3072K)
 Metaspace       used 128444K, capacity 131069K, committed 131416K, reserved 1163264K
  class space    used 15642K, capacity 16621K, committed 16728K, reserved 1048576K
}
Event: 7048.625 GC heap after
{Heap after GC invocations=69 (full 0):
 garbage-first heap   total 280576K, used 174146K [0x0000000080000000, 0x0000000100000000)
  region size 1024K, 6 young (6144K), 6 survivors (6144K)
 Metaspace       used 128444K, capacity 131069K, committed 131416K, reserved 1163264K
  class space    used 15642K, capacity 16621K, committed 16728K, reserved 1048576K
}
Event: 7048.853 GC heap before
{Heap before GC invocations=69 (full 0):
 garbage-first heap   total 280576K, used 213058K [0x0000000080000000, 0x0000000100000000)
  region size 1024K, 45 young (46080K), 6 survivors (6144K)
 Metaspace       used 129503K, capacity 132169K, committed 132568K, reserved 1165312K
  class space    used 15743K, capacity 16753K, committed 16856K, reserved 1048576K
}
Event: 7048.858 GC heap after
{Heap after GC invocations=70 (full 0):
 garbage-first heap   total 280576K, used 172584K [0x0000000080000000, 0x0000000100000000)
  region size 1024K, 2 young (2048K), 2 survivors (2048K)
 Metaspace       used 129503K, capacity 132169K, committed 132568K, reserved 1165312K
  class space    used 15743K, capacity 16753K, committed 16856K, reserved 1048576K
}
Event: 7049.588 GC heap before
{Heap before GC invocations=71 (full 0):
 garbage-first heap   total 280576K, used 215592K [0x0000000080000000, 0x0000000100000000)
  region size 1024K, 45 young (46080K), 2 survivors (2048K)
 Metaspace       used 130726K, capacity 133425K, committed 133720K, reserved 1165312K
  class space    used 15863K, capacity 16872K, committed 16984K, reserved 1048576K
}
Event: 7049.591 GC heap after
{Heap after GC invocations=72 (full 0):
 garbage-first heap   total 280576K, used 173310K [0x0000000080000000, 0x0000000100000000)
  region size 1024K, 3 young (3072K), 3 survivors (3072K)
 Metaspace       used 130726K, capacity 133425K, committed 133720K, reserved 1165312K
  class space    used 15863K, capacity 16872K, committed 16984K, reserved 1048576K
}
Event: 7049.617 GC heap before
{Heap before GC invocations=72 (full 0):
 garbage-first heap   total 280576K, used 182526K [0x0000000080000000, 0x0000000100000000)
  region size 1024K, 13 young (13312K), 3 survivors (3072K)
 Metaspace       used 130747K, capacity 133426K, committed 133720K, reserved 1165312K
  class space    used 15863K, capacity 16872K, committed 16984K, reserved 1048576K
}
Event: 7049.620 GC heap after
{Heap after GC invocations=73 (full 0):
 garbage-first heap   total 280576K, used 167996K [0x0000000080000000, 0x0000000100000000)
  region size 1024K, 1 young (1024K), 1 survivors (1024K)
 Metaspace       used 130747K, capacity 133426K, committed 133720K, reserved 1165312K
  class space    used 15863K, capacity 16872K, committed 16984K, reserved 1048576K
}

